2025-11-05 12:03:17,298 INFO <BrokerConnection client_id=kafka-python-producer-1, node_id=bootstrap-0 host=localhost:9092 <connecting> [IPv4 ('127.0.0.1', 9092)]>: connecting to localhost:9092 [('127.0.0.1', 9092) IPv4]
2025-11-05 12:03:17,306 INFO <BrokerConnection client_id=kafka-python-producer-1, node_id=bootstrap-0 host=localhost:9092 <checking_api_versions_recv> [IPv4 ('127.0.0.1', 9092)]>: Broker version identified as 2.6
2025-11-05 12:03:17,306 INFO <BrokerConnection client_id=kafka-python-producer-1, node_id=bootstrap-0 host=localhost:9092 <connected> [IPv4 ('127.0.0.1', 9092)]>: Connection complete.
2025-11-05 12:03:17,308 INFO [Kafka] Connected to localhost:9092, topic=stock_prices
2025-11-05 12:03:17,308 INFO Starting Custom connector for: ['AAPL', 'GOOG', 'MSFT', 'AMZN']
2025-11-05 12:03:18,115 INFO [FETCHED] AAPL data:             timestamp   volume       close  ...  exchangeTimezoneName  exchangeName  instrumentType
0 2025-11-04 19:30:00        0  270.090515  ...      America/New_York           NMS          EQUITY
1 2025-11-04 20:30:00  3522361  270.209991  ...      America/New_York           NMS          EQUITY
2 2025-11-04 21:00:00        0  270.040009  ...      America/New_York           NMS          EQUITY

[3 rows x 11 columns]
2025-11-05 12:03:50,939 INFO <BrokerConnection client_id=kafka-python-producer-1, node_id=bootstrap-0 host=localhost:9092 <connecting> [IPv4 ('127.0.0.1', 9092)]>: connecting to localhost:9092 [('127.0.0.1', 9092) IPv4]
2025-11-05 12:03:50,950 INFO <BrokerConnection client_id=kafka-python-producer-1, node_id=bootstrap-0 host=localhost:9092 <checking_api_versions_recv> [IPv4 ('127.0.0.1', 9092)]>: Broker version identified as 2.6
2025-11-05 12:03:50,950 INFO <BrokerConnection client_id=kafka-python-producer-1, node_id=bootstrap-0 host=localhost:9092 <connected> [IPv4 ('127.0.0.1', 9092)]>: Connection complete.
2025-11-05 12:03:50,951 INFO [Kafka] Connected to localhost:9092, topic=stock_prices
2025-11-05 12:03:50,951 INFO Starting Custom connector for: ['AAPL', 'GOOG', 'MSFT', 'AMZN']
2025-11-05 12:03:52,134 INFO [FETCHED] AAPL data:             timestamp   volume       close  ...  exchangeTimezoneName  exchangeName  instrumentType
0 2025-11-04 19:30:00        0  270.090515  ...      America/New_York           NMS          EQUITY
1 2025-11-04 20:30:00  3522361  270.209991  ...      America/New_York           NMS          EQUITY
2 2025-11-04 21:00:00        0  270.040009  ...      America/New_York           NMS          EQUITY

[3 rows x 11 columns]
2025-11-05 12:11:39,734 INFO <BrokerConnection client_id=kafka-python-producer-1, node_id=bootstrap-0 host=localhost:9092 <connecting> [IPv4 ('127.0.0.1', 9092)]>: connecting to localhost:9092 [('127.0.0.1', 9092) IPv4]
2025-11-05 12:11:39,744 INFO <BrokerConnection client_id=kafka-python-producer-1, node_id=bootstrap-0 host=localhost:9092 <checking_api_versions_recv> [IPv4 ('127.0.0.1', 9092)]>: Broker version identified as 2.6
2025-11-05 12:11:39,744 INFO <BrokerConnection client_id=kafka-python-producer-1, node_id=bootstrap-0 host=localhost:9092 <connected> [IPv4 ('127.0.0.1', 9092)]>: Connection complete.
2025-11-05 12:11:39,747 INFO [Kafka] Connected to localhost:9092, topic=stock_prices
2025-11-05 12:11:39,747 INFO Starting Custom connector for: ['AAPL', 'GOOG', 'MSFT', 'AMZN']
2025-11-05 12:11:43,270 INFO [FETCHED] AAPL data:             timestamp   volume       close  ...  exchangeTimezoneName  exchangeName  instrumentType
0 2025-11-04 19:30:00        0  270.090515  ...      America/New_York           NMS          EQUITY
1 2025-11-04 20:30:00  3522361  270.209991  ...      America/New_York           NMS          EQUITY
2 2025-11-04 21:00:00        0  270.040009  ...      America/New_York           NMS          EQUITY

[3 rows x 11 columns]
2025-11-05 12:11:43,348 ERROR Fetch AAPL: cannot convert the series to <class 'float'>
2025-11-05 12:11:45,383 INFO [FETCHED] GOOG data:             timestamp   volume       close  ...  exchangeTimezoneName  exchangeName  instrumentType
0 2025-11-04 19:30:00        0  277.859985  ...      America/New_York           NMS          EQUITY
1 2025-11-04 20:30:00  1520028  278.059998  ...      America/New_York           NMS          EQUITY
2 2025-11-04 21:00:00        0  278.059998  ...      America/New_York           NMS          EQUITY

[3 rows x 11 columns]
2025-11-05 12:11:45,403 ERROR Fetch GOOG: cannot convert the series to <class 'float'>
2025-11-05 12:11:46,040 INFO [FETCHED] MSFT data:             timestamp   volume       close  ...  exchangeTimezoneName  exchangeName  instrumentType
0 2025-11-04 19:30:00        0  513.755005  ...      America/New_York           NMS          EQUITY
1 2025-11-04 20:30:00  2191645  514.770020  ...      America/New_York           NMS          EQUITY
2 2025-11-04 21:00:00        0  514.330017  ...      America/New_York           NMS          EQUITY

[3 rows x 11 columns]
2025-11-05 12:11:46,063 ERROR Fetch MSFT: cannot convert the series to <class 'float'>
2025-11-05 12:11:48,686 INFO [FETCHED] AMZN data:             timestamp   volume       close  ...  exchangeTimezoneName  exchangeName  instrumentType
0 2025-11-04 19:30:00        0  249.429993  ...      America/New_York           NMS          EQUITY
1 2025-11-04 20:30:00  3662367  249.429993  ...      America/New_York           NMS          EQUITY
2 2025-11-04 21:00:00        0  249.320007  ...      America/New_York           NMS          EQUITY

[3 rows x 11 columns]
2025-11-05 12:11:48,713 ERROR Fetch AMZN: cannot convert the series to <class 'float'>
2025-11-05 12:12:00,725 INFO [FETCHED] AAPL data:             timestamp   volume       close  ...  exchangeTimezoneName  exchangeName  instrumentType
0 2025-11-04 19:30:00        0  270.090515  ...      America/New_York           NMS          EQUITY
1 2025-11-04 20:30:00  3522361  270.209991  ...      America/New_York           NMS          EQUITY
2 2025-11-04 21:00:00        0  270.040009  ...      America/New_York           NMS          EQUITY

[3 rows x 11 columns]
2025-11-05 12:12:00,773 ERROR Fetch AAPL: cannot convert the series to <class 'float'>
2025-11-05 12:12:01,258 INFO [FETCHED] GOOG data:             timestamp   volume       close  ...  exchangeTimezoneName  exchangeName  instrumentType
0 2025-11-04 19:30:00        0  277.859985  ...      America/New_York           NMS          EQUITY
1 2025-11-04 20:30:00  1520028  278.059998  ...      America/New_York           NMS          EQUITY
2 2025-11-04 21:00:00        0  278.059998  ...      America/New_York           NMS          EQUITY

[3 rows x 11 columns]
2025-11-05 12:12:01,269 ERROR Fetch GOOG: cannot convert the series to <class 'float'>
2025-11-05 12:12:03,724 INFO [FETCHED] MSFT data:             timestamp   volume       close  ...  exchangeTimezoneName  exchangeName  instrumentType
0 2025-11-04 19:30:00        0  513.755005  ...      America/New_York           NMS          EQUITY
1 2025-11-04 20:30:00  2191645  514.770020  ...      America/New_York           NMS          EQUITY
2 2025-11-04 21:00:00        0  514.330017  ...      America/New_York           NMS          EQUITY

[3 rows x 11 columns]
2025-11-05 12:12:03,744 ERROR Fetch MSFT: cannot convert the series to <class 'float'>
2025-11-05 12:12:05,030 INFO [FETCHED] AMZN data:             timestamp   volume       close  ...  exchangeTimezoneName  exchangeName  instrumentType
0 2025-11-04 19:30:00        0  249.429993  ...      America/New_York           NMS          EQUITY
1 2025-11-04 20:30:00  3662367  249.429993  ...      America/New_York           NMS          EQUITY
2 2025-11-04 21:00:00        0  249.320007  ...      America/New_York           NMS          EQUITY

[3 rows x 11 columns]
2025-11-05 12:12:05,072 ERROR Fetch AMZN: cannot convert the series to <class 'float'>
2025-11-05 12:12:18,772 INFO [FETCHED] AAPL data:             timestamp   volume       close  ...  exchangeTimezoneName  exchangeName  instrumentType
0 2025-11-04 19:30:00        0  270.090515  ...      America/New_York           NMS          EQUITY
1 2025-11-04 20:30:00  3522361  270.209991  ...      America/New_York           NMS          EQUITY
2 2025-11-04 21:00:00        0  270.040009  ...      America/New_York           NMS          EQUITY

[3 rows x 11 columns]
2025-11-05 12:12:18,799 ERROR Fetch AAPL: cannot convert the series to <class 'float'>
2025-11-05 12:12:21,123 INFO [FETCHED] GOOG data:             timestamp   volume       close  ...  exchangeTimezoneName  exchangeName  instrumentType
0 2025-11-04 19:30:00        0  277.859985  ...      America/New_York           NMS          EQUITY
1 2025-11-04 20:30:00  1520028  278.059998  ...      America/New_York           NMS          EQUITY
2 2025-11-04 21:00:00        0  278.059998  ...      America/New_York           NMS          EQUITY

[3 rows x 11 columns]
2025-11-05 12:12:21,137 ERROR Fetch GOOG: cannot convert the series to <class 'float'>
2025-11-05 12:12:24,526 INFO [FETCHED] MSFT data:             timestamp   volume       close  ...  exchangeTimezoneName  exchangeName  instrumentType
0 2025-11-04 19:30:00        0  513.755005  ...      America/New_York           NMS          EQUITY
1 2025-11-04 20:30:00  2191645  514.770020  ...      America/New_York           NMS          EQUITY
2 2025-11-04 21:00:00        0  514.330017  ...      America/New_York           NMS          EQUITY

[3 rows x 11 columns]
2025-11-05 12:12:24,552 ERROR Fetch MSFT: cannot convert the series to <class 'float'>
2025-11-05 12:12:29,633 INFO [FETCHED] AMZN data:             timestamp   volume       close  ...  exchangeTimezoneName  exchangeName  instrumentType
0 2025-11-04 19:30:00        0  249.429993  ...      America/New_York           NMS          EQUITY
1 2025-11-04 20:30:00  3662367  249.429993  ...      America/New_York           NMS          EQUITY
2 2025-11-04 21:00:00        0  249.320007  ...      America/New_York           NMS          EQUITY

[3 rows x 11 columns]
2025-11-05 12:12:29,652 ERROR Fetch AMZN: cannot convert the series to <class 'float'>
2025-11-05 12:12:43,890 INFO [FETCHED] AAPL data:             timestamp   volume       close  ...  exchangeTimezoneName  exchangeName  instrumentType
0 2025-11-04 19:30:00        0  270.090515  ...      America/New_York           NMS          EQUITY
1 2025-11-04 20:30:00  3522361  270.209991  ...      America/New_York           NMS          EQUITY
2 2025-11-04 21:00:00        0  270.040009  ...      America/New_York           NMS          EQUITY

[3 rows x 11 columns]
2025-11-05 12:12:43,918 ERROR Fetch AAPL: cannot convert the series to <class 'float'>
2025-11-05 12:12:49,057 INFO [FETCHED] GOOG data:             timestamp   volume       close  ...  exchangeTimezoneName  exchangeName  instrumentType
0 2025-11-04 19:30:00        0  277.859985  ...      America/New_York           NMS          EQUITY
1 2025-11-04 20:30:00  1520028  278.059998  ...      America/New_York           NMS          EQUITY
2 2025-11-04 21:00:00        0  278.059998  ...      America/New_York           NMS          EQUITY

[3 rows x 11 columns]
2025-11-05 12:12:49,094 ERROR Fetch GOOG: cannot convert the series to <class 'float'>
2025-11-05 12:12:54,182 INFO [FETCHED] MSFT data:             timestamp   volume       close  ...  exchangeTimezoneName  exchangeName  instrumentType
0 2025-11-04 19:30:00        0  513.755005  ...      America/New_York           NMS          EQUITY
1 2025-11-04 20:30:00  2191645  514.770020  ...      America/New_York           NMS          EQUITY
2 2025-11-04 21:00:00        0  514.330017  ...      America/New_York           NMS          EQUITY

[3 rows x 11 columns]
2025-11-05 12:12:54,224 ERROR Fetch MSFT: cannot convert the series to <class 'float'>
2025-11-05 12:12:55,573 INFO [FETCHED] AMZN data:             timestamp   volume       close  ...  exchangeTimezoneName  exchangeName  instrumentType
0 2025-11-04 19:30:00        0  249.429993  ...      America/New_York           NMS          EQUITY
1 2025-11-04 20:30:00  3662367  249.429993  ...      America/New_York           NMS          EQUITY
2 2025-11-04 21:00:00        0  249.320007  ...      America/New_York           NMS          EQUITY

[3 rows x 11 columns]
2025-11-05 12:12:55,606 ERROR Fetch AMZN: cannot convert the series to <class 'float'>
2025-11-05 12:13:07,851 INFO <BrokerConnection client_id=kafka-python-producer-1, node_id=bootstrap-0 host=localhost:9092 <connecting> [IPv4 ('127.0.0.1', 9092)]>: connecting to localhost:9092 [('127.0.0.1', 9092) IPv4]
2025-11-05 12:13:07,858 INFO <BrokerConnection client_id=kafka-python-producer-1, node_id=bootstrap-0 host=localhost:9092 <checking_api_versions_recv> [IPv4 ('127.0.0.1', 9092)]>: Broker version identified as 2.6
2025-11-05 12:13:07,858 INFO <BrokerConnection client_id=kafka-python-producer-1, node_id=bootstrap-0 host=localhost:9092 <connected> [IPv4 ('127.0.0.1', 9092)]>: Connection complete.
2025-11-05 12:13:07,860 INFO [Kafka] Connected to localhost:9092, topic=stock_prices
2025-11-05 12:13:07,860 INFO Starting Custom connector for: ['AAPL', 'GOOG', 'MSFT', 'AMZN']
2025-11-05 12:13:12,371 ERROR Fetch AAPL: cannot convert the series to <class 'float'>
2025-11-05 12:13:13,535 ERROR Fetch GOOG: cannot convert the series to <class 'float'>
2025-11-05 12:13:14,573 ERROR Fetch MSFT: cannot convert the series to <class 'float'>
2025-11-05 12:13:15,122 ERROR Fetch AMZN: cannot convert the series to <class 'float'>
2025-11-05 12:13:26,398 ERROR Fetch AAPL: cannot convert the series to <class 'float'>
2025-11-05 12:13:26,900 ERROR Fetch GOOG: cannot convert the series to <class 'float'>
2025-11-05 12:13:30,475 ERROR Fetch MSFT: cannot convert the series to <class 'float'>
2025-11-05 12:13:31,838 ERROR Fetch AMZN: cannot convert the series to <class 'float'>
2025-11-05 12:13:44,247 ERROR Fetch AAPL: cannot convert the series to <class 'float'>
2025-11-05 12:13:46,442 ERROR Fetch GOOG: cannot convert the series to <class 'float'>
2025-11-05 12:13:47,782 ERROR Fetch MSFT: cannot convert the series to <class 'float'>
2025-11-05 12:13:48,344 ERROR Fetch AMZN: cannot convert the series to <class 'float'>
2025-11-05 12:13:58,700 INFO <BrokerConnection client_id=kafka-python-producer-1, node_id=bootstrap-0 host=localhost:9092 <connecting> [IPv4 ('127.0.0.1', 9092)]>: connecting to localhost:9092 [('127.0.0.1', 9092) IPv4]
2025-11-05 12:13:58,708 INFO <BrokerConnection client_id=kafka-python-producer-1, node_id=bootstrap-0 host=localhost:9092 <checking_api_versions_recv> [IPv4 ('127.0.0.1', 9092)]>: Broker version identified as 2.6
2025-11-05 12:13:58,708 INFO <BrokerConnection client_id=kafka-python-producer-1, node_id=bootstrap-0 host=localhost:9092 <connected> [IPv4 ('127.0.0.1', 9092)]>: Connection complete.
2025-11-05 12:13:58,711 INFO [Kafka] Connected to localhost:9092, topic=stock_prices
2025-11-05 12:13:58,711 INFO Starting Custom connector for: ['AAPL', 'GOOG', 'MSFT', 'AMZN']
2025-11-05 12:14:03,252 ERROR Fetch AAPL: cannot convert the series to <class 'int'>
2025-11-05 12:14:04,438 ERROR Fetch GOOG: cannot convert the series to <class 'int'>
2025-11-05 12:14:05,721 ERROR Fetch MSFT: cannot convert the series to <class 'int'>
2025-11-05 12:14:06,291 ERROR Fetch AMZN: cannot convert the series to <class 'int'>
2025-11-05 12:14:18,690 ERROR Fetch AAPL: cannot convert the series to <class 'int'>
2025-11-05 12:14:19,102 ERROR Fetch GOOG: cannot convert the series to <class 'int'>
2025-11-05 12:14:19,496 ERROR Fetch MSFT: cannot convert the series to <class 'int'>
2025-11-05 12:14:19,887 ERROR Fetch AMZN: cannot convert the series to <class 'int'>
2025-11-05 12:14:31,016 ERROR Fetch AAPL: cannot convert the series to <class 'int'>
2025-11-05 12:14:32,724 ERROR Fetch GOOG: cannot convert the series to <class 'int'>
2025-11-05 12:14:33,703 ERROR Fetch MSFT: cannot convert the series to <class 'int'>
2025-11-05 12:14:34,231 ERROR Fetch AMZN: cannot convert the series to <class 'int'>
2025-11-05 12:14:45,197 ERROR Fetch AAPL: cannot convert the series to <class 'int'>
2025-11-05 12:14:46,043 ERROR Fetch GOOG: cannot convert the series to <class 'int'>
2025-11-05 12:14:46,632 ERROR Fetch MSFT: cannot convert the series to <class 'int'>
2025-11-05 12:14:47,308 ERROR Fetch AMZN: cannot convert the series to <class 'int'>
2025-11-05 12:14:59,695 ERROR Fetch AAPL: cannot convert the series to <class 'int'>
2025-11-05 12:15:03,962 ERROR Fetch GOOG: cannot convert the series to <class 'int'>
2025-11-05 12:15:04,338 ERROR Fetch MSFT: cannot convert the series to <class 'int'>
2025-11-05 12:15:04,776 ERROR Fetch AMZN: cannot convert the series to <class 'int'>
2025-11-05 12:15:15,425 ERROR Fetch AAPL: cannot convert the series to <class 'int'>
2025-11-05 12:15:15,834 ERROR Fetch GOOG: cannot convert the series to <class 'int'>
2025-11-05 12:15:16,284 ERROR Fetch MSFT: cannot convert the series to <class 'int'>
2025-11-05 12:15:16,982 ERROR Fetch AMZN: cannot convert the series to <class 'int'>
2025-11-05 12:15:27,850 ERROR Fetch AAPL: cannot convert the series to <class 'int'>
2025-11-05 12:15:29,634 ERROR Fetch GOOG: cannot convert the series to <class 'int'>
2025-11-05 12:15:31,327 ERROR Fetch MSFT: Failed to perform, curl: (23) Failure writing output to destination, passed 13 returned 0. See https://curl.se/libcurl/c/libcurl-errors.html first for more details.
2025-11-05 12:15:31,811 ERROR Fetch AMZN: cannot convert the series to <class 'int'>
2025-11-05 12:15:42,230 ERROR Fetch AAPL: cannot convert the series to <class 'int'>
2025-11-05 12:15:44,979 ERROR Fetch GOOG: cannot convert the series to <class 'int'>
2025-11-05 12:15:46,006 ERROR Fetch MSFT: cannot convert the series to <class 'int'>
2025-11-05 12:15:46,796 ERROR Fetch AMZN: cannot convert the series to <class 'int'>
2025-11-05 12:16:16,883 INFO <BrokerConnection client_id=kafka-python-producer-1, node_id=bootstrap-0 host=localhost:9092 <connecting> [IPv4 ('127.0.0.1', 9092)]>: connecting to localhost:9092 [('127.0.0.1', 9092) IPv4]
2025-11-05 12:16:16,892 INFO <BrokerConnection client_id=kafka-python-producer-1, node_id=bootstrap-0 host=localhost:9092 <checking_api_versions_recv> [IPv4 ('127.0.0.1', 9092)]>: Broker version identified as 2.6
2025-11-05 12:16:16,892 INFO <BrokerConnection client_id=kafka-python-producer-1, node_id=bootstrap-0 host=localhost:9092 <connected> [IPv4 ('127.0.0.1', 9092)]>: Connection complete.
2025-11-05 12:16:16,894 INFO [Kafka] Connected to localhost:9092, topic=stock_prices
2025-11-05 12:16:16,894 INFO Starting Custom connector for: ['AAPL', 'GOOG', 'MSFT', 'AMZN']
2025-11-05 12:16:19,344 ERROR Fetch AAPL: cannot convert the series to <class 'int'>
2025-11-05 12:16:21,084 ERROR Fetch GOOG: cannot convert the series to <class 'int'>
2025-11-05 12:16:21,671 ERROR Fetch MSFT: cannot convert the series to <class 'int'>
2025-11-05 12:16:22,094 ERROR Fetch AMZN: cannot convert the series to <class 'int'>
2025-11-05 15:11:31,903 INFO <BrokerConnection client_id=kafka-python-producer-1, node_id=bootstrap-0 host=localhost:9092 <connecting> [IPv4 ('127.0.0.1', 9092)]>: connecting to localhost:9092 [('127.0.0.1', 9092) IPv4]
2025-11-05 15:11:31,919 INFO <BrokerConnection client_id=kafka-python-producer-1, node_id=bootstrap-0 host=localhost:9092 <checking_api_versions_recv> [IPv4 ('127.0.0.1', 9092)]>: Broker version identified as 2.6
2025-11-05 15:11:31,920 INFO <BrokerConnection client_id=kafka-python-producer-1, node_id=bootstrap-0 host=localhost:9092 <connected> [IPv4 ('127.0.0.1', 9092)]>: Connection complete.
2025-11-05 15:11:31,921 INFO [Kafka] Connected to localhost:9092, topic=stock_prices
2025-11-05 15:11:31,921 INFO Starting Custom connector for: ['AAPL', 'GOOG', 'MSFT', 'AMZN']
2025-11-05 15:11:38,882 INFO <BrokerConnection client_id=kafka-python-producer-1, node_id=1 host=localhost:9092 <connecting> [IPv4 ('127.0.0.1', 9092)]>: connecting to localhost:9092 [('127.0.0.1', 9092) IPv4]
2025-11-05 15:11:38,883 INFO <BrokerConnection client_id=kafka-python-producer-1, node_id=1 host=localhost:9092 <connected> [IPv4 ('127.0.0.1', 9092)]>: Connection complete.
2025-11-05 15:11:38,883 INFO <BrokerConnection client_id=kafka-python-producer-1, node_id=bootstrap-0 host=localhost:9092 <connected> [IPv4 ('127.0.0.1', 9092)]>: Closing connection. 
2025-11-05 15:11:38,890 INFO [KAFKA PUSH] record = [{'symbol': 'AAPL', 'price': 270.09051513671875, 'open': 270.5299987792969, 'high': 270.6099853515625, 'low': 269.28271484375, 'volume': 0, 'timestamp': '2025-11-04 19:30:00', 'source': 'custom_connector'}, {'symbol': 'AAPL', 'price': 270.2099914550781, 'open': 270.1000061035156, 'high': 270.4049987792969, 'low': 269.5, 'volume': 3522361, 'timestamp': '2025-11-04 20:30:00', 'source': 'custom_connector'}, {'symbol': 'AAPL', 'price': 270.0400085449219, 'open': 270.0400085449219, 'high': 270.0400085449219, 'low': 270.0400085449219, 'volume': 0, 'timestamp': '2025-11-04 21:00:00', 'source': 'custom_connector'}]
2025-11-05 15:12:24,552 INFO <BrokerConnection client_id=kafka-python-producer-1, node_id=bootstrap-0 host=localhost:9092 <connecting> [IPv4 ('127.0.0.1', 9092)]>: connecting to localhost:9092 [('127.0.0.1', 9092) IPv4]
2025-11-05 15:12:24,559 INFO <BrokerConnection client_id=kafka-python-producer-1, node_id=bootstrap-0 host=localhost:9092 <checking_api_versions_recv> [IPv4 ('127.0.0.1', 9092)]>: Broker version identified as 2.6
2025-11-05 15:12:24,559 INFO <BrokerConnection client_id=kafka-python-producer-1, node_id=bootstrap-0 host=localhost:9092 <connected> [IPv4 ('127.0.0.1', 9092)]>: Connection complete.
2025-11-05 15:12:24,561 INFO [Kafka] Connected to localhost:9092, topic=stock_prices
2025-11-05 15:12:24,561 INFO Starting Custom connector for: ['AAPL', 'GOOG', 'MSFT', 'AMZN']
2025-11-05 15:12:26,264 INFO <BrokerConnection client_id=kafka-python-producer-1, node_id=1 host=localhost:9092 <connecting> [IPv4 ('127.0.0.1', 9092)]>: connecting to localhost:9092 [('127.0.0.1', 9092) IPv4]
2025-11-05 15:12:26,265 INFO <BrokerConnection client_id=kafka-python-producer-1, node_id=1 host=localhost:9092 <connected> [IPv4 ('127.0.0.1', 9092)]>: Connection complete.
2025-11-05 15:12:26,265 INFO <BrokerConnection client_id=kafka-python-producer-1, node_id=bootstrap-0 host=localhost:9092 <connected> [IPv4 ('127.0.0.1', 9092)]>: Closing connection. 
2025-11-05 15:12:26,302 INFO [KAFKA PUSH] record = [{'symbol': 'AAPL', 'price': 270.09051513671875, 'open': 270.5299987792969, 'high': 270.6099853515625, 'low': 269.28271484375, 'volume': 0, 'timestamp': '2025-11-04 19:30:00', 'source': 'custom_connector'}, {'symbol': 'AAPL', 'price': 270.2099914550781, 'open': 270.1000061035156, 'high': 270.4049987792969, 'low': 269.5, 'volume': 3522361, 'timestamp': '2025-11-04 20:30:00', 'source': 'custom_connector'}, {'symbol': 'AAPL', 'price': 270.0400085449219, 'open': 270.0400085449219, 'high': 270.0400085449219, 'low': 270.0400085449219, 'volume': 0, 'timestamp': '2025-11-04 21:00:00', 'source': 'custom_connector'}]
2025-11-05 15:12:26,746 INFO [KAFKA PUSH] record = [{'symbol': 'GOOG', 'price': 277.8599853515625, 'open': 278.6650085449219, 'high': 278.7099914550781, 'low': 277.3399963378906, 'volume': 0, 'timestamp': '2025-11-04 19:30:00', 'source': 'custom_connector'}, {'symbol': 'GOOG', 'price': 278.05999755859375, 'open': 277.8500061035156, 'high': 278.32879638671875, 'low': 276.8689880371094, 'volume': 1520028, 'timestamp': '2025-11-04 20:30:00', 'source': 'custom_connector'}, {'symbol': 'GOOG', 'price': 278.05999755859375, 'open': 278.05999755859375, 'high': 278.05999755859375, 'low': 278.05999755859375, 'volume': 0, 'timestamp': '2025-11-04 21:00:00', 'source': 'custom_connector'}]
2025-11-05 15:12:28,170 INFO [KAFKA PUSH] record = [{'symbol': 'MSFT', 'price': 513.7550048828125, 'open': 512.3400268554688, 'high': 514.02001953125, 'low': 511.4100036621094, 'volume': 0, 'timestamp': '2025-11-04 19:30:00', 'source': 'custom_connector'}, {'symbol': 'MSFT', 'price': 514.77001953125, 'open': 513.760009765625, 'high': 514.989990234375, 'low': 513.4000244140625, 'volume': 2191645, 'timestamp': '2025-11-04 20:30:00', 'source': 'custom_connector'}, {'symbol': 'MSFT', 'price': 514.3300170898438, 'open': 514.3300170898438, 'high': 514.3300170898438, 'low': 514.3300170898438, 'volume': 0, 'timestamp': '2025-11-04 21:00:00', 'source': 'custom_connector'}]
2025-11-05 15:12:28,782 INFO [KAFKA PUSH] record = [{'symbol': 'AMZN', 'price': 249.42999267578125, 'open': 249.75999450683594, 'high': 249.80029296875, 'low': 248.86000061035156, 'volume': 0, 'timestamp': '2025-11-04 19:30:00', 'source': 'custom_connector'}, {'symbol': 'AMZN', 'price': 249.42999267578125, 'open': 249.42999267578125, 'high': 250.0800018310547, 'low': 248.66000366210938, 'volume': 3662367, 'timestamp': '2025-11-04 20:30:00', 'source': 'custom_connector'}, {'symbol': 'AMZN', 'price': 249.32000732421875, 'open': 249.32000732421875, 'high': 249.32000732421875, 'low': 249.32000732421875, 'volume': 0, 'timestamp': '2025-11-04 21:00:00', 'source': 'custom_connector'}]
2025-11-05 15:12:39,639 INFO [KAFKA PUSH] record = [{'symbol': 'AAPL', 'price': 270.09051513671875, 'open': 270.5299987792969, 'high': 270.6099853515625, 'low': 269.28271484375, 'volume': 0, 'timestamp': '2025-11-04 19:30:00', 'source': 'custom_connector'}, {'symbol': 'AAPL', 'price': 270.2099914550781, 'open': 270.1000061035156, 'high': 270.4049987792969, 'low': 269.5, 'volume': 3522361, 'timestamp': '2025-11-04 20:30:00', 'source': 'custom_connector'}, {'symbol': 'AAPL', 'price': 270.0400085449219, 'open': 270.0400085449219, 'high': 270.0400085449219, 'low': 270.0400085449219, 'volume': 0, 'timestamp': '2025-11-04 21:00:00', 'source': 'custom_connector'}]
2025-11-05 15:12:40,163 INFO [KAFKA PUSH] record = [{'symbol': 'GOOG', 'price': 277.8599853515625, 'open': 278.6650085449219, 'high': 278.7099914550781, 'low': 277.3399963378906, 'volume': 0, 'timestamp': '2025-11-04 19:30:00', 'source': 'custom_connector'}, {'symbol': 'GOOG', 'price': 278.05999755859375, 'open': 277.8500061035156, 'high': 278.32879638671875, 'low': 276.8689880371094, 'volume': 1520028, 'timestamp': '2025-11-04 20:30:00', 'source': 'custom_connector'}, {'symbol': 'GOOG', 'price': 278.05999755859375, 'open': 278.05999755859375, 'high': 278.05999755859375, 'low': 278.05999755859375, 'volume': 0, 'timestamp': '2025-11-04 21:00:00', 'source': 'custom_connector'}]
2025-11-05 15:12:40,569 INFO [KAFKA PUSH] record = [{'symbol': 'MSFT', 'price': 513.7550048828125, 'open': 512.3400268554688, 'high': 514.02001953125, 'low': 511.4100036621094, 'volume': 0, 'timestamp': '2025-11-04 19:30:00', 'source': 'custom_connector'}, {'symbol': 'MSFT', 'price': 514.77001953125, 'open': 513.760009765625, 'high': 514.989990234375, 'low': 513.4000244140625, 'volume': 2191645, 'timestamp': '2025-11-04 20:30:00', 'source': 'custom_connector'}, {'symbol': 'MSFT', 'price': 514.3300170898438, 'open': 514.3300170898438, 'high': 514.3300170898438, 'low': 514.3300170898438, 'volume': 0, 'timestamp': '2025-11-04 21:00:00', 'source': 'custom_connector'}]
2025-11-05 15:12:41,186 INFO [KAFKA PUSH] record = [{'symbol': 'AMZN', 'price': 249.42999267578125, 'open': 249.75999450683594, 'high': 249.80029296875, 'low': 248.86000061035156, 'volume': 0, 'timestamp': '2025-11-04 19:30:00', 'source': 'custom_connector'}, {'symbol': 'AMZN', 'price': 249.42999267578125, 'open': 249.42999267578125, 'high': 250.0800018310547, 'low': 248.66000366210938, 'volume': 3662367, 'timestamp': '2025-11-04 20:30:00', 'source': 'custom_connector'}, {'symbol': 'AMZN', 'price': 249.32000732421875, 'open': 249.32000732421875, 'high': 249.32000732421875, 'low': 249.32000732421875, 'volume': 0, 'timestamp': '2025-11-04 21:00:00', 'source': 'custom_connector'}]
2025-11-05 15:12:52,111 INFO [KAFKA PUSH] record = [{'symbol': 'AAPL', 'price': 270.09051513671875, 'open': 270.5299987792969, 'high': 270.6099853515625, 'low': 269.28271484375, 'volume': 0, 'timestamp': '2025-11-04 19:30:00', 'source': 'custom_connector'}, {'symbol': 'AAPL', 'price': 270.2099914550781, 'open': 270.1000061035156, 'high': 270.4049987792969, 'low': 269.5, 'volume': 3522361, 'timestamp': '2025-11-04 20:30:00', 'source': 'custom_connector'}, {'symbol': 'AAPL', 'price': 270.0400085449219, 'open': 270.0400085449219, 'high': 270.0400085449219, 'low': 270.0400085449219, 'volume': 0, 'timestamp': '2025-11-04 21:00:00', 'source': 'custom_connector'}]
2025-11-05 15:12:52,719 INFO [KAFKA PUSH] record = [{'symbol': 'GOOG', 'price': 277.8599853515625, 'open': 278.6650085449219, 'high': 278.7099914550781, 'low': 277.3399963378906, 'volume': 0, 'timestamp': '2025-11-04 19:30:00', 'source': 'custom_connector'}, {'symbol': 'GOOG', 'price': 278.05999755859375, 'open': 277.8500061035156, 'high': 278.32879638671875, 'low': 276.8689880371094, 'volume': 1520028, 'timestamp': '2025-11-04 20:30:00', 'source': 'custom_connector'}, {'symbol': 'GOOG', 'price': 278.05999755859375, 'open': 278.05999755859375, 'high': 278.05999755859375, 'low': 278.05999755859375, 'volume': 0, 'timestamp': '2025-11-04 21:00:00', 'source': 'custom_connector'}]
2025-11-05 15:12:53,438 INFO [KAFKA PUSH] record = [{'symbol': 'MSFT', 'price': 513.7550048828125, 'open': 512.3400268554688, 'high': 514.02001953125, 'low': 511.4100036621094, 'volume': 0, 'timestamp': '2025-11-04 19:30:00', 'source': 'custom_connector'}, {'symbol': 'MSFT', 'price': 514.77001953125, 'open': 513.760009765625, 'high': 514.989990234375, 'low': 513.4000244140625, 'volume': 2191645, 'timestamp': '2025-11-04 20:30:00', 'source': 'custom_connector'}, {'symbol': 'MSFT', 'price': 514.3300170898438, 'open': 514.3300170898438, 'high': 514.3300170898438, 'low': 514.3300170898438, 'volume': 0, 'timestamp': '2025-11-04 21:00:00', 'source': 'custom_connector'}]
2025-11-05 15:12:53,932 INFO [KAFKA PUSH] record = [{'symbol': 'AMZN', 'price': 249.42999267578125, 'open': 249.75999450683594, 'high': 249.80029296875, 'low': 248.86000061035156, 'volume': 0, 'timestamp': '2025-11-04 19:30:00', 'source': 'custom_connector'}, {'symbol': 'AMZN', 'price': 249.42999267578125, 'open': 249.42999267578125, 'high': 250.0800018310547, 'low': 248.66000366210938, 'volume': 3662367, 'timestamp': '2025-11-04 20:30:00', 'source': 'custom_connector'}, {'symbol': 'AMZN', 'price': 249.32000732421875, 'open': 249.32000732421875, 'high': 249.32000732421875, 'low': 249.32000732421875, 'volume': 0, 'timestamp': '2025-11-04 21:00:00', 'source': 'custom_connector'}]
